0 info it worked if it ends with ok
1 verbose cli [ 'node',
1 verbose cli   '/Users/crabdude/.npmprefix/bin/npm',
1 verbose cli   'run-script',
1 verbose cli   'watch' ]
2 info using npm@1.4.10
3 info using node@v0.11.14
4 verbose run-script [ 'prewatch', 'watch', 'postwatch' ]
5 info prewatch tbcnode100@0.0.1
6 info watch tbcnode100@0.0.1
7 verbose unsafe-perm in lifecycle true
8 info tbcnode100@0.0.1 Failed to exec watch script
9 error tbcnode100@0.0.1 watch: `gulp watch`
9 error Exit status 1
10 error Failed at the tbcnode100@0.0.1 watch script.
10 error This is most likely a problem with the tbcnode100 package,
10 error not with npm itself.
10 error Tell the author that this fails on your system:
10 error     gulp watch
10 error You can get their info via:
10 error     npm owner ls tbcnode100
10 error There is likely additional logging output above.
11 error System Darwin 14.0.0
12 error command "node" "/Users/crabdude/.npmprefix/bin/npm" "run-script" "watch"
13 error cwd /Users/crabdude/Dropbox/Noderiety/node100
14 error node -v v0.11.14
15 error npm -v 1.4.10
16 error code ELIFECYCLE
17 verbose exit [ 1, true ]
