0 info it worked if it ends with ok
1 verbose cli [ 'node', '/Users/crabdude/.npmprefix/bin/npm', 'publish' ]
2 info using npm@1.4.10
3 info using node@v0.10.31
4 verbose publish [ '.' ]
5 verbose cache add [ '.', null ]
6 verbose cache add name=undefined spec="." args=[".",null]
7 verbose parsed url { protocol: null,
7 verbose parsed url   slashes: null,
7 verbose parsed url   auth: null,
7 verbose parsed url   host: null,
7 verbose parsed url   port: null,
7 verbose parsed url   hostname: null,
7 verbose parsed url   hash: null,
7 verbose parsed url   search: null,
7 verbose parsed url   query: null,
7 verbose parsed url   pathname: '.',
7 verbose parsed url   path: '.',
7 verbose parsed url   href: '.' }
8 silly lockFile 3a52ce78- .
9 verbose lock . /Users/crabdude/.npm/3a52ce78-.lock
10 verbose tar pack [ '/var/folders/qq/jdr19x7x4mzg5m14m_9611940000gn/T/npm-25975-DO762FzI/1408645265416-0.4549421928822994/tmp.tgz',
10 verbose tar pack   '.' ]
11 verbose tarball /var/folders/qq/jdr19x7x4mzg5m14m_9611940000gn/T/npm-25975-DO762FzI/1408645265416-0.4549421928822994/tmp.tgz
12 verbose folder .
13 info prepublish learnyounode@1.0.2
14 silly lockFile 1f1177db-tar tar://.
15 verbose lock tar://. /Users/crabdude/.npm/1f1177db-tar.lock
16 silly lockFile 85e0d01e-65416-0-4549421928822994-tmp-tgz tar:///var/folders/qq/jdr19x7x4mzg5m14m_9611940000gn/T/npm-25975-DO762FzI/1408645265416-0.4549421928822994/tmp.tgz
17 verbose lock tar:///var/folders/qq/jdr19x7x4mzg5m14m_9611940000gn/T/npm-25975-DO762FzI/1408645265416-0.4549421928822994/tmp.tgz /Users/crabdude/.npm/85e0d01e-65416-0-4549421928822994-tmp-tgz.lock
18 silly lockFile 1f1177db-tar tar://.
19 silly lockFile 1f1177db-tar tar://.
20 silly lockFile 85e0d01e-65416-0-4549421928822994-tmp-tgz tar:///var/folders/qq/jdr19x7x4mzg5m14m_9611940000gn/T/npm-25975-DO762FzI/1408645265416-0.4549421928822994/tmp.tgz
21 silly lockFile 85e0d01e-65416-0-4549421928822994-tmp-tgz tar:///var/folders/qq/jdr19x7x4mzg5m14m_9611940000gn/T/npm-25975-DO762FzI/1408645265416-0.4549421928822994/tmp.tgz
22 verbose tar unpack /var/folders/qq/jdr19x7x4mzg5m14m_9611940000gn/T/npm-25975-DO762FzI/1408645265416-0.4549421928822994/tmp.tgz
23 silly lockFile 7bcdc4b3-e-npm-learnyounode-1-0-2-package tar:///Users/crabdude/.npm/learnyounode/1.0.2/package
24 verbose lock tar:///Users/crabdude/.npm/learnyounode/1.0.2/package /Users/crabdude/.npm/7bcdc4b3-e-npm-learnyounode-1-0-2-package.lock
25 silly lockFile 85e0d01e-65416-0-4549421928822994-tmp-tgz tar:///var/folders/qq/jdr19x7x4mzg5m14m_9611940000gn/T/npm-25975-DO762FzI/1408645265416-0.4549421928822994/tmp.tgz
26 verbose lock tar:///var/folders/qq/jdr19x7x4mzg5m14m_9611940000gn/T/npm-25975-DO762FzI/1408645265416-0.4549421928822994/tmp.tgz /Users/crabdude/.npm/85e0d01e-65416-0-4549421928822994-tmp-tgz.lock
27 silly gunzTarPerm modes [ '755', '644' ]
28 silly gunzTarPerm extractEntry package.json
29 silly gunzTarPerm extractEntry .npmignore
30 silly gunzTarPerm extractEntry README.md
31 silly gunzTarPerm extractEntry LICENSE
32 silly gunzTarPerm extractEntry credits.js
33 silly gunzTarPerm extractEntry learnyounode.js
34 silly gunzTarPerm extractEntry docs/bl.html
35 silly gunzTarPerm extractEntry docs/concat-stream.html
36 silly gunzTarPerm extractEntry docs/through2-map.html
37 silly gunzTarPerm extractEntry .jshintrc
38 silly gunzTarPerm extractEntry help.txt
39 silly gunzTarPerm extractEntry credits.txt
40 silly gunzTarPerm extractEntry lib/rndport.js
41 silly gunzTarPerm extractEntry node_apidoc/index.html
42 silly gunzTarPerm extractEntry node_apidoc/_toc.html
43 silly gunzTarPerm extractEntry node_apidoc/all.html
44 silly gunzTarPerm extractEntry node_apidoc/assert.html
45 silly gunzTarPerm extractEntry node_apidoc/assets/sh.css
46 silly gunzTarPerm extractEntry node_apidoc/assets/style.css
47 silly gunzTarPerm extractEntry node_apidoc/buffer.html
48 silly gunzTarPerm extractEntry node_apidoc/child_process.html
49 silly gunzTarPerm extractEntry node_apidoc/cluster.html
50 silly gunzTarPerm extractEntry node_apidoc/console.html
51 silly gunzTarPerm extractEntry node_apidoc/crypto.html
52 silly gunzTarPerm extractEntry node_apidoc/debugger.html
53 silly gunzTarPerm extractEntry node_apidoc/dgram.html
54 silly gunzTarPerm extractEntry node_apidoc/dns.html
55 silly gunzTarPerm extractEntry node_apidoc/documentation.html
56 silly gunzTarPerm extractEntry node_apidoc/domain.html
57 silly gunzTarPerm extractEntry node_apidoc/events.html
58 silly gunzTarPerm extractEntry node_apidoc/fs.html
59 silly gunzTarPerm extractEntry node_apidoc/globals.html
60 silly gunzTarPerm extractEntry node_apidoc/http.html
61 silly gunzTarPerm extractEntry node_apidoc/https.html
62 silly gunzTarPerm extractEntry node_apidoc/addons.html
63 silly gunzTarPerm extractEntry node_apidoc/modules.html
64 silly gunzTarPerm extractEntry node_apidoc/net.html
65 silly gunzTarPerm extractEntry node_apidoc/os.html
66 silly gunzTarPerm extractEntry node_apidoc/path.html
67 silly gunzTarPerm extractEntry node_apidoc/process.html
68 silly gunzTarPerm extractEntry node_apidoc/punycode.html
69 silly gunzTarPerm extractEntry node_apidoc/querystring.html
70 silly gunzTarPerm extractEntry node_apidoc/readline.html
71 silly gunzTarPerm extractEntry node_apidoc/repl.html
72 silly gunzTarPerm extractEntry node_apidoc/stream.html
73 silly gunzTarPerm extractEntry node_apidoc/string_decoder.html
74 silly gunzTarPerm extractEntry node_apidoc/synopsis.html
75 silly gunzTarPerm extractEntry node_apidoc/timers.html
76 silly gunzTarPerm extractEntry node_apidoc/tls.html
77 silly gunzTarPerm extractEntry node_apidoc/tty.html
78 silly gunzTarPerm extractEntry node_apidoc/url.html
79 silly gunzTarPerm extractEntry node_apidoc/util.html
80 silly gunzTarPerm extractEntry node_apidoc/vm.html
81 silly gunzTarPerm extractEntry node_apidoc/zlib.html
82 silly gunzTarPerm extractEntry exercises/http_uppercaserer/exercise.js
83 silly gunzTarPerm extractEntry exercises/http_uppercaserer/problem.md
84 silly gunzTarPerm extractEntry exercises/http_uppercaserer/solution/solution.js
85 silly gunzTarPerm extractEntry exercises/baby_steps/exercise.js
86 silly gunzTarPerm extractEntry exercises/baby_steps/problem.md
87 silly gunzTarPerm extractEntry exercises/baby_steps/solution/solution.js
88 silly gunzTarPerm extractEntry exercises/hello_world/exercise.js
89 silly gunzTarPerm extractEntry exercises/hello_world/problem.md
90 silly gunzTarPerm extractEntry exercises/hello_world/solution/solution.js
91 silly gunzTarPerm extractEntry exercises/http_client/exercise.js
92 silly gunzTarPerm extractEntry exercises/http_client/problem.md
93 silly gunzTarPerm extractEntry exercises/http_client/solution/solution.js
94 silly gunzTarPerm extractEntry exercises/http_collect/exercise.js
95 silly gunzTarPerm extractEntry exercises/http_collect/problem.md
96 silly gunzTarPerm extractEntry exercises/http_collect/solution/solution.js
97 silly gunzTarPerm extractEntry exercises/http_file_server/exercise.js
98 silly gunzTarPerm extractEntry exercises/http_file_server/problem.md
99 silly gunzTarPerm extractEntry exercises/http_file_server/solution/solution.js
100 silly gunzTarPerm extractEntry exercises/http_json_api_server/exercise.js
101 silly gunzTarPerm extractEntry exercises/http_json_api_server/problem.md
102 silly gunzTarPerm extractEntry exercises/http_json_api_server/solution/solution.js
103 silly gunzTarPerm extractEntry exercises/filtered_ls/exercise.js
104 silly gunzTarPerm extractEntry exercises/filtered_ls/file-list.json
105 silly gunzTarPerm extractEntry exercises/filtered_ls/problem.md
106 silly gunzTarPerm extractEntry exercises/filtered_ls/solution/solution.js
107 silly gunzTarPerm extractEntry exercises/juggling_async/exercise.js
108 silly gunzTarPerm extractEntry exercises/juggling_async/problem.md
109 silly gunzTarPerm extractEntry exercises/juggling_async/solution/solution.js
110 silly gunzTarPerm extractEntry exercises/make_it_modular/exercise.js
111 silly gunzTarPerm extractEntry exercises/make_it_modular/verify.js
112 silly gunzTarPerm extractEntry exercises/make_it_modular/wrap-requires.js
113 silly gunzTarPerm extractEntry exercises/make_it_modular/problem.md
114 silly gunzTarPerm extractEntry exercises/make_it_modular/solution/solution.js
115 silly gunzTarPerm extractEntry exercises/make_it_modular/solution/solution_filter.js
116 silly gunzTarPerm extractEntry exercises/menu.json
117 silly gunzTarPerm extractEntry exercises/my_first_async_io/exercise.js
118 silly gunzTarPerm extractEntry exercises/my_first_async_io/problem.md
119 silly gunzTarPerm extractEntry exercises/my_first_async_io/solution/solution.js
120 silly gunzTarPerm extractEntry exercises/my_first_io/exercise.js
121 silly gunzTarPerm extractEntry exercises/my_first_io/wrap.js
122 silly gunzTarPerm extractEntry exercises/my_first_io/problem.md
123 silly gunzTarPerm extractEntry exercises/my_first_io/solution/solution.js
124 silly gunzTarPerm extractEntry exercises/time_server/exercise.js
125 silly gunzTarPerm extractEntry exercises/time_server/setup.js
126 silly gunzTarPerm extractEntry exercises/time_server/problem.md
127 silly gunzTarPerm extractEntry exercises/time_server/solution/solution.js
128 silly lockFile 7bcdc4b3-e-npm-learnyounode-1-0-2-package tar:///Users/crabdude/.npm/learnyounode/1.0.2/package
129 silly lockFile 7bcdc4b3-e-npm-learnyounode-1-0-2-package tar:///Users/crabdude/.npm/learnyounode/1.0.2/package
130 silly lockFile 85e0d01e-65416-0-4549421928822994-tmp-tgz tar:///var/folders/qq/jdr19x7x4mzg5m14m_9611940000gn/T/npm-25975-DO762FzI/1408645265416-0.4549421928822994/tmp.tgz
131 silly lockFile 85e0d01e-65416-0-4549421928822994-tmp-tgz tar:///var/folders/qq/jdr19x7x4mzg5m14m_9611940000gn/T/npm-25975-DO762FzI/1408645265416-0.4549421928822994/tmp.tgz
132 silly lockFile 3a52ce78- .
133 silly lockFile 3a52ce78- .
134 silly publish { name: 'learnyounode',
134 silly publish   version: '1.0.2',
134 silly publish   description: 'Learn You The Node.js For Much Win! An intro to Node.js via a set of self-guided workshops.',
134 silly publish   author:
134 silly publish    { name: 'Rod Vagg',
134 silly publish      email: 'rod@vagg.org',
134 silly publish      url: 'https://github.com/rvagg' },
134 silly publish   contributors:
134 silly publish    [ { name: 'Rod Vagg',
134 silly publish        email: 'r@va.gg',
134 silly publish        url: 'https://github.com/rvagg' },
134 silly publish      { name: 'Andrey Sidorov',
134 silly publish        email: 'sidorares@yandex.ru',
134 silly publish        url: 'https://github.com/sidorares' },
134 silly publish      { name: 'Julián Duque',
134 silly publish        email: 'julianduquej@gmail.com',
134 silly publish        url: 'https://github.com/julianduque' },
134 silly publish      { name: 'Lars-Magnus Skog',
134 silly publish        email: 'lars.magnus.skog@gmail.com',
134 silly publish        url: 'https://github.com/ralphtheninja' },
134 silly publish      { name: 'Tim Inman',
134 silly publish        email: 'tim.inman@gmail.com',
134 silly publish        url: 'https://github.com/thehack' },
134 silly publish      { name: 'Dan Flettre',
134 silly publish        email: 'fletd01@yahoo.com',
134 silly publish        url: 'https://github.com/Flet' } ],
134 silly publish   repository:
134 silly publish    { type: 'git',
134 silly publish      url: 'https://github.com/rvagg/learnyounode.git' },
134 silly publish   license: 'MIT',
134 silly publish   dependencies:
134 silly publish    { workshopper: '^1.0.0-alpha05',
134 silly publish      'workshopper-exercise': '^0.2.2',
134 silly publish      'workshopper-wrappedexec': '^0.1.1',
134 silly publish      'workshopper-boilerplate': '0.0.1',
134 silly publish      'concat-stream': '^1.4.1',
134 silly publish      duplexer: '^0.1.1',
134 silly publish      through: '^2.3.4',
134 silly publish      boganipsum: '^0.1.0',
134 silly publish      hyperquest: '^0.2.0',
134 silly publish      bl: '^0.7.0',
134 silly publish      'through2-map': '^1.2.1',
134 silly publish      'colors-tmpl': '^0.1.0',
134 silly publish      after: '^0.8.1',
134 silly publish      rimraf: '^2.2.6',
134 silly publish      chalk: '^0.4.0',
134 silly publish      through2: '^0.4.1' },
134 silly publish   bin: { learnyounode: './learnyounode.js' },
134 silly publish   preferGlobal: true,
134 silly publish   readme: '# Learn You The Node.js For Much Win!\n\n**An intro to Node.js via a set of self-guided workshops.**\n\n[![NPM](https://nodei.co/npm/learnyounode.png?downloads=true&stars=true)](https://nodei.co/npm/learnyounode/) [![NPM](https://nodei.co/npm-dl/learnyounode.png?months=3)](https://nodei.co/npm/learnyounode/)\n\n![Learn You The Node.js For Much Win!](https://raw.github.com/rvagg/learnyounode/master/learnyounode.png)\n\n  1. Install [Node.js](http://nodejs.org/)\n  2. Run `sudo npm install learnyounode -g`\n  3. Run `learnyounode`\n  4. **.. profit!**\n\n<b><code>learnyounode</code></b> will run through a series of Node.js workshops. Starting at a basic *"HELLO WORLD"* and moving on to more advanced exercises about dealing with synchronous & asynchronous I/O, filesystem operations, TCP and HTTP networking, events and streams.\n\nOnce you have finished <b><code>learnyounode</code></b>, graduate to <b><code>[stream-adventure](https://github.com/substack/stream-adventure)</code></b> for a set of exercises that dig in to Node\'s streams.\n\n### Contributors\n\n<b><code>learnyounode</code></b> is proudly brought to you by the following hackers:\n\n<table><tbody>\n<tr><th align="left">Rod Vagg</th><td><a href="https://github.com/rvagg">GitHub/rvagg</a></td><td><a href="http://twitter.com/rvagg">Twitter/@rvagg</a></td></tr>\n<tr><th align="left">Andrey Sidorov</th><td><a href="https://github.com/sidorares">GitHub/sidorares</a></td><td><a href="http://twitter.com/sidorares">Twitter/@sidorares</a></td></tr>\n<tr><th align="left">Julián Duque</th><td><a href="https://github.com/julianduque">GitHub/julianduque</a></td><td><a href="http://twitter.com/julian_duque">Twitter/@julian_duque</a></td></tr>\n<tr><th align="left">Lars-Magnus Skog</th><td><a href="https://github.com/ralphtheninja">GitHub/ralphtheninja</a></td><td><a href="http://twitter.com/ralphtheninja">Twitter/@ralphtheninja</a></td></tr>\n<tr><th align="left">Tim Inman</th><td><a href="https://github.com/thehack">GitHub/thehack</a></td><td><a href="http://twitter.com/timinman">Twitter/@timinman</a></td></tr>\n<tr><th align="left">Dan Flettre</th><td><a href="https://github.com/Flet">GitHub/Flet</a></td><td><a href="http://twitter.com/flettre">Twitter/@flettre</a></td></tr>\n</tbody></table>\n\n## License\n\n**learnyounode** is Copyright (c) 2013 Rod Vagg [@rvagg](https://twitter.com/rvagg) and licenced under the MIT licence. All rights not explicitly granted in the MIT license are reserved. See the included LICENSE file for more details.\n\n**learnyounode** builds on the excellent work by [@substack](https://github.com/substack) and [@maxogden](https://github.com/maxogden) who created **[stream-adventure](https://github.com/substack/stream-adventure)** which serves as the original foundation for **learnyounode**.\n',
134 silly publish   readmeFilename: 'README.md',
134 silly publish   bugs: { url: 'https://github.com/rvagg/learnyounode/issues' },
134 silly publish   homepage: 'https://github.com/rvagg/learnyounode',
134 silly publish   _id: 'learnyounode@1.0.2',
134 silly publish   _shasum: '6016656bfb62b02acb88aa44cc4d0216ef095638',
134 silly publish   _from: '.',
134 silly publish   _resolved: 'https://registry.npmjs.org/learnyounode/-/learnyounode-1.0.1.tgz' }
135 verbose url raw learnyounode
136 verbose url resolving [ 'https://registry.npmjs.org/', './learnyounode' ]
137 verbose url resolved https://registry.npmjs.org/learnyounode
138 info trying registry request attempt 1 at 11:21:05
139 http PUT https://registry.npmjs.org/learnyounode
140 http 403 https://registry.npmjs.org/learnyounode
141 verbose headers { date: 'Thu, 21 Aug 2014 18:21:06 GMT',
141 verbose headers   server: 'CouchDB/1.5.0 (Erlang OTP/R14B04)',
141 verbose headers   'content-type': 'application/json',
141 verbose headers   'cache-control': 'max-age=60',
141 verbose headers   'content-length': '284',
141 verbose headers   'accept-ranges': 'bytes',
141 verbose headers   via: '1.1 varnish',
141 verbose headers   'x-served-by': 'cache-lax1432-LAX',
141 verbose headers   'x-cache': 'MISS',
141 verbose headers   'x-cache-hits': '0',
141 verbose headers   'x-timer': 'S1408645266.290547,VS0,VE436',
141 verbose headers   'keep-alive': 'timeout=10, max=50',
141 verbose headers   connection: 'Keep-Alive' }
142 error publish Failed PUT 403
143 error Error: forbidden user: crabdude not authorized to modify learnyounode
143 error Changed: dist-tags.latest "1.0.1" -> "1.0.2"
143 error Added: versions.1.0.2
143 error Changed: time.modified "2014-06-26T07:23:57.384Z" -> "2014-08-21T18:19:37.562Z"
143 error Added: time.1.0.2
143 error Added: _attachments: learnyounode
143 error     at RegClient.<anonymous> (/Users/crabdude/.npmprefix/lib/node_modules/npm/node_modules/npm-registry-client/lib/request.js:273:14)
143 error     at Request._callback (/Users/crabdude/.npmprefix/lib/node_modules/npm/node_modules/npm-registry-client/lib/request.js:211:65)
143 error     at Request.self.callback (/Users/crabdude/.npmprefix/lib/node_modules/npm/node_modules/request/request.js:123:22)
143 error     at Request.emit (events.js:98:17)
143 error     at Request.<anonymous> (/Users/crabdude/.npmprefix/lib/node_modules/npm/node_modules/request/request.js:893:14)
143 error     at Request.emit (events.js:117:20)
143 error     at IncomingMessage.<anonymous> (/Users/crabdude/.npmprefix/lib/node_modules/npm/node_modules/request/request.js:844:12)
143 error     at IncomingMessage.emit (events.js:117:20)
143 error     at _stream_readable.js:943:16
143 error     at process._tickCallback (node.js:419:13)
144 error If you need help, you may report this *entire* log,
144 error including the npm and node versions, at:
144 error     <http://github.com/npm/npm/issues>
145 error System Darwin 14.0.0
146 error command "node" "/Users/crabdude/.npmprefix/bin/npm" "publish"
147 error cwd /Users/crabdude/Dropbox/Noderiety/node100/learnyounode
148 error node -v v0.10.31
149 error npm -v 1.4.10
150 verbose exit [ 1, true ]
